<?xml version="1.0" encoding="utf-8"?><testsuites name="pytest tests"><testsuite name="pytest" errors="0" failures="0" skipped="0" tests="7" time="1.412" timestamp="2026-05-01T17:05:49.868659+00:00" hostname="agent-env-4ecfee23-dd44-4c6b-8b26-054c8970330f"><testcase classname="backend.tests.backend_test.TestRoot" name="test_root_hello_world" time="0.314" /><testcase classname="backend.tests.backend_test.TestContact" name="test_create_contact_valid_payload" time="0.202" /><testcase classname="backend.tests.backend_test.TestContact" name="test_create_contact_invalid_email" time="0.160" /><testcase classname="backend.tests.backend_test.TestContact" name="test_create_contact_missing_full_name" time="0.162" /><testcase classname="backend.tests.backend_test.TestContact" name="test_create_contact_missing_message" time="0.153" /><testcase classname="backend.tests.backend_test.TestContact" name="test_create_contact_empty_full_name" time="0.162" /><testcase classname="backend.tests.backend_test.TestContact" name="test_list_contacts_excludes_mongo_id" time="0.145" /></testsuite></testsuites>